<?xml version="1.0" encoding="UTF-8" ?>
<testsuite tests="16" failures="0" name="calculator.RunnerTest" time="0.002" errors="0" skipped="0">
  <properties>
    <property name="java.runtime.name" value="Java(TM) SE Runtime Environment"/>
    <property name="java.vm.version" value="14.0.1+7"/>
    <property name="sun.boot.library.path" value="C:\Program Files\Java\jdk-14.0.1\bin"/>
    <property name="user.country.format" value="IR"/>
    <property name="maven.multiModuleProjectDirectory" value="C:\Users\vsaei\IdeaProjects\BDD"/>
    <property name="java.vm.vendor" value="Oracle Corporation"/>
    <property name="java.vendor.url" value="https://java.oracle.com/"/>
    <property name="guice.disable.misplaced.annotation.check" value="true"/>
    <property name="path.separator" value=";"/>
    <property name="java.vm.name" value="Java HotSpot(TM) 64-Bit Server VM"/>
    <property name="idea.launcher.port" value="55787"/>
    <property name="sun.os.patch.level" value=""/>
    <property name="user.script" value=""/>
    <property name="user.country" value="US"/>
    <property name="sun.java.launcher" value="SUN_STANDARD"/>
    <property name="java.vm.specification.name" value="Java Virtual Machine Specification"/>
    <property name="user.dir" value="C:\Users\vsaei\IdeaProjects\BDD"/>
    <property name="java.vm.compressedOopsMode" value="Zero based"/>
    <property name="java.runtime.version" value="14.0.1+7"/>
    <property name="os.arch" value="amd64"/>
    <property name="java.io.tmpdir" value="C:\Users\vsaei\AppData\Local\Temp\"/>
    <property name="line.separator" value="
"/>
    <property name="java.vm.specification.vendor" value="Oracle Corporation"/>
    <property name="user.variant" value=""/>
    <property name="os.name" value="Windows 10"/>
    <property name="classworlds.conf" value="C:\Users\vsaei\AppData\Local\JetBrains\Toolbox\apps\IDEA-U\ch-0\191.7479.19\plugins\maven\lib\maven3\bin\m2.conf"/>
    <property name="sun.jnu.encoding" value="Cp1256"/>
    <property name="java.library.path" value="C:\Program Files\Java\jdk-14.0.1\bin;C:\WINDOWS\Sun\Java\bin;C:\WINDOWS\system32;C:\WINDOWS;C:\Program Files (x86)\VMware\VMware Player\bin\;C:\Program Files (x86)\Common Files\Intel\Shared Libraries\redist\intel64\compiler;C:\Program Files (x86)\Intel\Intel(R) Management Engine Components\iCLS\;C:\Program Files\Intel\Intel(R) Management Engine Components\iCLS\;C:\WINDOWS\system32;C:\WINDOWS;C:\WINDOWS\System32\Wbem;C:\WINDOWS\System32\WindowsPowerShell\v1.0\;C:\WINDOWS\System32\OpenSSH\;C:\Program Files (x86)\Intel\Intel(R) Management Engine Components\DAL;C:\Program Files\Intel\Intel(R) Management Engine Components\DAL;C:\Program Files\Intel\WiFi\bin\;C:\Program Files\Common Files\Intel\WirelessCommon\;C:\Program Files\Git\cmd;C:\Program Files\Polyspace\R2019b\runtime\win64;C:\Program Files\Polyspace\R2019b\bin;C:\Program Files\Polyspace\R2019b\polyspace\bin;C:\Program Files\Java\jdk-14.0.1\bin;;C:\Program Files\PuTTY\;C:\Program Files (x86)\Microsoft SQL Server\150\DTS\Binn\;C:\Users\vsaei\AppData\Local\Microsoft\WindowsApps;C:\Program Files\JetBrains\PyCharm 2020.1.3\bin;;C:\Users\vsaei\AppData\Local\Programs\Python\Python37\Scripts;C:\Users\vsaei\AppData\Local\Programs\Python\Python37;;C:\Program Files\JetBrains\PyCharm Community Edition 2020.2.1\bin;;."/>
    <property name="jdk.debug" value="release"/>
    <property name="java.class.version" value="58.0"/>
    <property name="java.specification.name" value="Java Platform API Specification"/>
    <property name="sun.management.compiler" value="HotSpot 64-Bit Tiered Compilers"/>
    <property name="os.version" value="10.0"/>
    <property name="user.home" value="C:\Users\vsaei"/>
    <property name="user.timezone" value="Asia/Tehran"/>
    <property name="idea.launcher.bin.path" value="C:\Users\vsaei\AppData\Local\JetBrains\Toolbox\apps\IDEA-U\ch-0\191.7479.19\bin"/>
    <property name="file.encoding" value="UTF-8"/>
    <property name="java.specification.version" value="14"/>
    <property name="user.name" value="vsaei"/>
    <property name="java.class.path" value="C:\Users\vsaei\AppData\Local\JetBrains\Toolbox\apps\IDEA-U\ch-0\191.7479.19\plugins\maven\lib\maven3\boot\plexus-classworlds-2.5.2.jar;C:\Users\vsaei\AppData\Local\JetBrains\Toolbox\apps\IDEA-U\ch-0\191.7479.19\lib\idea_rt.jar"/>
    <property name="java.vm.specification.version" value="14"/>
    <property name="sun.arch.data.model" value="64"/>
    <property name="sun.java.command" value="com.intellij.rt.execution.application.AppMainV2 org.codehaus.classworlds.Launcher -Didea.version2019.1.3 test"/>
    <property name="java.home" value="C:\Program Files\Java\jdk-14.0.1"/>
    <property name="user.language" value="en"/>
    <property name="java.specification.vendor" value="Oracle Corporation"/>
    <property name="user.language.format" value="fa"/>
    <property name="idea.version2019.1.3" value="true"/>
    <property name="java.vm.info" value="mixed mode, sharing"/>
    <property name="java.version" value="14.0.1"/>
    <property name="java.vendor" value="Oracle Corporation"/>
    <property name="maven.home" value="C:\Users\vsaei\AppData\Local\JetBrains\Toolbox\apps\IDEA-U\ch-0\191.7479.19\plugins\maven\lib\maven3"/>
    <property name="file.separator" value="\"/>
    <property name="java.version.date" value="2020-04-14"/>
    <property name="java.vendor.url.bug" value="https://bugreport.java.com/bugreport/"/>
    <property name="sun.io.unicode.encoding" value="UnicodeLittle"/>
    <property name="sun.cpu.endian" value="little"/>
    <property name="sun.cpu.isalist" value="amd64"/>
  </properties>
  <testcase classname="Scenario: add two numbers" name="Given Two input values, 1 and 2" time="0.002"/>
  <testcase classname="Scenario: add two numbers" name="When I add the two values" time="0"/>
  <testcase classname="Scenario: add two numbers" name="Then I expect the result 3" time="0"/>
  <testcase classname="Scenario: add two numbers" name="Scenario: add two numbers" time="0"/>
  <testcase classname="| 1 | 12 | 13 |" name="Given Two input values, 1 and 12" time="0"/>
  <testcase classname="| 1 | 12 | 13 |" name="When I add the two values" time="0"/>
  <testcase classname="| 1 | 12 | 13 |" name="Then I expect the result 13" time="0"/>
  <testcase classname="| 1 | 12 | 13 |" name="| 1 | 12 | 13 |" time="0"/>
  <testcase classname="| -1 | 6 | 5 |" name="Given Two input values, -1 and 6" time="0"/>
  <testcase classname="| -1 | 6 | 5 |" name="When I add the two values" time="0"/>
  <testcase classname="| -1 | 6 | 5 |" name="Then I expect the result 5" time="0"/>
  <testcase classname="| -1 | 6 | 5 |" name="| -1 | 6 | 5 |" time="0"/>
  <testcase classname="| 2 | 2 | 4 |" name="Given Two input values, 2 and 2" time="0"/>
  <testcase classname="| 2 | 2 | 4 |" name="When I add the two values" time="0"/>
  <testcase classname="| 2 | 2 | 4 |" name="Then I expect the result 4" time="0"/>
  <testcase classname="| 2 | 2 | 4 |" name="| 2 | 2 | 4 |" time="0"/>
</testsuite>